<?xml version="1.0" encoding="UTF-8"?>
<testsuite name="tests.LoginTests" tests="5" skipped="0" failures="0" errors="0" timestamp="2023-07-24T18:17:02" hostname="MIRI" time="6.436">
  <properties/>
  <testcase name="loginPositiveProps" classname="tests.LoginTests" time="1.398"/>
  <testcase name="loginPositiveUser" classname="tests.LoginTests" time="0.685"/>
  <testcase name="loginPositiveUserDTO[0](models.User@37eeec90)" classname="tests.LoginTests" time="0.74"/>
  <testcase name="loginPositiveUserDTO[1](models.User@2f3c6ac4)" classname="tests.LoginTests" time="0.675"/>
  <testcase name="loginPositiveUserDTO[2](models.User@2b27cc70)" classname="tests.LoginTests" time="0.726"/>
  <system-out><![CDATA[]]></system-out>
  <system-err><![CDATA[console.warn: LoginRecipes: "Falling back to a synchronous message for: https://ilcarro.web.app."
console.warn: LoginRecipes: "Falling back to a synchronous message for: https://ilcarro.web.app."
]]></system-err>
</testsuite>
