<?xml version="1.0" encoding="UTF-8"?>
<testsuite name="tests.AddNewCar" tests="1" skipped="0" failures="0" errors="0" timestamp="2023-10-16T14:34:04" hostname="MIRI" time="4.622">
  <properties/>
  <testcase name="addNewCarPositive" classname="tests.AddNewCar" time="4.622"/>
  <system-out><![CDATA[]]></system-out>
  <system-err><![CDATA[]]></system-err>
</testsuite>
